-------------------------------------------------------------------------------
Test set: Util.HttpClientUtil.HttpAsyncClientTest
-------------------------------------------------------------------------------
Tests run: 2, Failures: 2, Errors: 0, Skipped: 0, Time elapsed: 0.386 s <<< FAILURE! -- in Util.HttpClientUtil.HttpAsyncClientTest
Util.HttpClientUtil.HttpAsyncClientTest.testCreateAsyncClientThrowsExceptionForEmptyProxyHost -- Time elapsed: 0.372 s <<< FAILURE!
org.opentest4j.AssertionFailedError: Expected java.lang.IllegalArgumentException to be thrown, but nothing was thrown.
	at org.junit.jupiter.api.AssertionFailureBuilder.build(AssertionFailureBuilder.java:152)
	at org.junit.jupiter.api.AssertThrows.assertThrows(AssertThrows.java:73)
	at org.junit.jupiter.api.AssertThrows.assertThrows(AssertThrows.java:35)
	at org.junit.jupiter.api.Assertions.assertThrows(Assertions.java:3115)
	at Util.HttpClientUtil.HttpAsyncClientTest.testCreateAsyncClientThrowsExceptionForEmptyProxyHost(HttpAsyncClientTest.java:34)
	at java.base/java.lang.reflect.Method.invoke(Method.java:566)
	at java.base/java.util.ArrayList.forEach(ArrayList.java:1541)
	at java.base/java.util.ArrayList.forEach(ArrayList.java:1541)

Util.HttpClientUtil.HttpAsyncClientTest.testHttpHostThrowsIllegalArgumentExceptionForEmptyHostAfterUpgrade -- Time elapsed: 0.002 s <<< FAILURE!
org.opentest4j.AssertionFailedError: Expected java.lang.IllegalArgumentException to be thrown, but nothing was thrown.
	at org.junit.jupiter.api.AssertionFailureBuilder.build(AssertionFailureBuilder.java:152)
	at org.junit.jupiter.api.AssertThrows.assertThrows(AssertThrows.java:73)
	at org.junit.jupiter.api.AssertThrows.assertThrows(AssertThrows.java:35)
	at org.junit.jupiter.api.Assertions.assertThrows(Assertions.java:3115)
	at Util.HttpClientUtil.HttpAsyncClientTest.testHttpHostThrowsIllegalArgumentExceptionForEmptyHostAfterUpgrade(HttpAsyncClientTest.java:19)
	at java.base/java.lang.reflect.Method.invoke(Method.java:566)
	at java.base/java.util.ArrayList.forEach(ArrayList.java:1541)
	at java.base/java.util.ArrayList.forEach(ArrayList.java:1541)

